<?xml version="1.0" encoding="UTF-8" ?>
<testsuite tests="17" failures="0" name="CucumberOptions.TestRunner" time="3.989" errors="0" skipped="16">
  <properties>
[...]
</properties>
  <testcase classname="Application Login" name="Home page default login" time="0.169">
    <skipped/>
    <system-out>
@sprint @RegTest
Scenario: Home page default login                                          &amp;#27;[90m# src/test/resources/features/LoginProfile.feature:11&amp;#27;[0m
  &amp;#27;[33mGiven &amp;#27;[0m&amp;#27;[33mValidate the browser&amp;#27;[0m                                               &amp;#27;[90m# null&amp;#27;[0m
  &amp;#27;[33mWhen &amp;#27;[0m&amp;#27;[33mBrowser is triggered&amp;#27;[0m                                                &amp;#27;[90m# null&amp;#27;[0m
  &amp;#27;[33mThen &amp;#27;[0m&amp;#27;[33mcheck if browser is displayed&amp;#27;[0m                                       &amp;#27;[90m# null&amp;#27;[0m
  &amp;#27;[33mGiven &amp;#27;[0m&amp;#27;[33mUser is on NetBanking landing page&amp;#27;[0m                                 &amp;#27;[90m# null&amp;#27;[0m
  &amp;#27;[33mWhen &amp;#27;[0m&amp;#27;[33mUser login into application with username &quot;jin&quot; and password &quot;1234&quot;&amp;#27;[0m &amp;#27;[90m# null&amp;#27;[0m
  &amp;#27;[33mThen &amp;#27;[0m&amp;#27;[33mHome page is populated&amp;#27;[0m                                              &amp;#27;[90m# null&amp;#27;[0m
  &amp;#27;[33mAnd &amp;#27;[0m&amp;#27;[33mCards displayed are &quot;true&quot;&amp;#27;[0m                                           &amp;#27;[90m# null&amp;#27;[0m
</system-out>
    <system-err>Nov 14, 2020 6:18:30 PM io.cucumber.junit.Cucumber &lt;init&gt;
WARNING: By default Cucumber is running in --non-strict mode.
This default will change to --strict and --non-strict will be removed.
You can use --strict or @CucumberOptions(strict = true) to suppress this warning
</system-err>
  </testcase>
  <testcase classname="Application Login" name="Home page default login" time="0.013">
    <skipped/>
    <system-out>
@sprint @SmokeTest @SanityTest
Scenario: Home page default login                                           &amp;#27;[90m# src/test/resources/features/LoginProfile.feature:18&amp;#27;[0m
  &amp;#27;[33mGiven &amp;#27;[0m&amp;#27;[33mValidate the browser&amp;#27;[0m                                                &amp;#27;[90m# null&amp;#27;[0m
  &amp;#27;[33mWhen &amp;#27;[0m&amp;#27;[33mBrowser is triggered&amp;#27;[0m                                                 &amp;#27;[90m# null&amp;#27;[0m
  &amp;#27;[33mThen &amp;#27;[0m&amp;#27;[33mcheck if browser is displayed&amp;#27;[0m                                        &amp;#27;[90m# null&amp;#27;[0m
  &amp;#27;[33mGiven &amp;#27;[0m&amp;#27;[33mUser is on NetBanking landing page&amp;#27;[0m                                  &amp;#27;[90m# null&amp;#27;[0m
  &amp;#27;[33mWhen &amp;#27;[0m&amp;#27;[33mUser login into application with username &quot;john&quot; and password &quot;4321&quot;&amp;#27;[0m &amp;#27;[90m# null&amp;#27;[0m
  &amp;#27;[33mThen &amp;#27;[0m&amp;#27;[33mHome page is populated&amp;#27;[0m                                               &amp;#27;[90m# null&amp;#27;[0m
  &amp;#27;[33mAnd &amp;#27;[0m&amp;#27;[33mCards displayed are &quot;false&quot;&amp;#27;[0m                                           &amp;#27;[90m# null&amp;#27;[0m
</system-out>
  </testcase>
  <testcase classname="Application Login" name="Home page default login" time="0.014">
    <skipped/>
    <system-out>
@sprint @SanityTest @sprint3
Scenario: Home page default login          &amp;#27;[90m# src/test/resources/features/LoginProfile.feature:25&amp;#27;[0m
  &amp;#27;[33mGiven &amp;#27;[0m&amp;#27;[33mValidate the browser&amp;#27;[0m               &amp;#27;[90m# null&amp;#27;[0m
  &amp;#27;[33mWhen &amp;#27;[0m&amp;#27;[33mBrowser is triggered&amp;#27;[0m                &amp;#27;[90m# null&amp;#27;[0m
  &amp;#27;[33mThen &amp;#27;[0m&amp;#27;[33mcheck if browser is displayed&amp;#27;[0m       &amp;#27;[90m# null&amp;#27;[0m
  &amp;#27;[33mGiven &amp;#27;[0m&amp;#27;[33mUser is on NetBanking landing page&amp;#27;[0m &amp;#27;[90m# null&amp;#27;[0m
  &amp;#27;[33mWhen &amp;#27;[0m&amp;#27;[33mUser sign up with following details&amp;#27;[0m &amp;#27;[90m# null&amp;#27;[0m
  &amp;#27;[33mThen &amp;#27;[0m&amp;#27;[33mHome page is populated&amp;#27;[0m              &amp;#27;[90m# null&amp;#27;[0m
  &amp;#27;[33mAnd &amp;#27;[0m&amp;#27;[33mCards displayed are &quot;false&quot;&amp;#27;[0m          &amp;#27;[90m# null&amp;#27;[0m
</system-out>
  </testcase>
  <testcase classname="Application Login" name="Home page default login" time="0.013">
    <skipped/>
    <system-out>
@sprint
Scenario Outline: Home page default login                                  &amp;#27;[90m# src/test/resources/features/LoginProfile.feature:42&amp;#27;[0m
  &amp;#27;[33mGiven &amp;#27;[0m&amp;#27;[33mValidate the browser&amp;#27;[0m                                               &amp;#27;[90m# null&amp;#27;[0m
  &amp;#27;[33mWhen &amp;#27;[0m&amp;#27;[33mBrowser is triggered&amp;#27;[0m                                                &amp;#27;[90m# null&amp;#27;[0m
  &amp;#27;[33mThen &amp;#27;[0m&amp;#27;[33mcheck if browser is displayed&amp;#27;[0m                                       &amp;#27;[90m# null&amp;#27;[0m
  &amp;#27;[33mGiven &amp;#27;[0m&amp;#27;[33mUser is on NetBanking landing page&amp;#27;[0m                                 &amp;#27;[90m# null&amp;#27;[0m
  &amp;#27;[33mWhen &amp;#27;[0m&amp;#27;[33mUser login in to application with username user1 and password pass1&amp;#27;[0m &amp;#27;[90m# null&amp;#27;[0m
  &amp;#27;[33mThen &amp;#27;[0m&amp;#27;[33mHome page is populated&amp;#27;[0m                                              &amp;#27;[90m# null&amp;#27;[0m
  &amp;#27;[33mAnd &amp;#27;[0m&amp;#27;[33mCards displayed are &quot;true&quot;&amp;#27;[0m                                           &amp;#27;[90m# null&amp;#27;[0m
</system-out>
  </testcase>
  <testcase classname="Application Login" name="Home page default login" time="0.016">
    <skipped/>
    <system-out>
@sprint
Scenario Outline: Home page default login                                  &amp;#27;[90m# src/test/resources/features/LoginProfile.feature:43&amp;#27;[0m
  &amp;#27;[33mGiven &amp;#27;[0m&amp;#27;[33mValidate the browser&amp;#27;[0m                                               &amp;#27;[90m# null&amp;#27;[0m
  &amp;#27;[33mWhen &amp;#27;[0m&amp;#27;[33mBrowser is triggered&amp;#27;[0m                                                &amp;#27;[90m# null&amp;#27;[0m
  &amp;#27;[33mThen &amp;#27;[0m&amp;#27;[33mcheck if browser is displayed&amp;#27;[0m                                       &amp;#27;[90m# null&amp;#27;[0m
  &amp;#27;[33mGiven &amp;#27;[0m&amp;#27;[33mUser is on NetBanking landing page&amp;#27;[0m                                 &amp;#27;[90m# null&amp;#27;[0m
  &amp;#27;[33mWhen &amp;#27;[0m&amp;#27;[33mUser login in to application with username user2 and password pass2&amp;#27;[0m &amp;#27;[90m# null&amp;#27;[0m
  &amp;#27;[33mThen &amp;#27;[0m&amp;#27;[33mHome page is populated&amp;#27;[0m                                              &amp;#27;[90m# null&amp;#27;[0m
  &amp;#27;[33mAnd &amp;#27;[0m&amp;#27;[33mCards displayed are &quot;true&quot;&amp;#27;[0m                                           &amp;#27;[90m# null&amp;#27;[0m
</system-out>
  </testcase>
  <testcase classname="Application Login" name="Home page default login" time="0.007">
    <skipped/>
    <system-out>
@sprint
Scenario Outline: Home page default login                                  &amp;#27;[90m# src/test/resources/features/LoginProfile.feature:44&amp;#27;[0m
  &amp;#27;[33mGiven &amp;#27;[0m&amp;#27;[33mValidate the browser&amp;#27;[0m                                               &amp;#27;[90m# null&amp;#27;[0m
  &amp;#27;[33mWhen &amp;#27;[0m&amp;#27;[33mBrowser is triggered&amp;#27;[0m                                                &amp;#27;[90m# null&amp;#27;[0m
  &amp;#27;[33mThen &amp;#27;[0m&amp;#27;[33mcheck if browser is displayed&amp;#27;[0m                                       &amp;#27;[90m# null&amp;#27;[0m
  &amp;#27;[33mGiven &amp;#27;[0m&amp;#27;[33mUser is on NetBanking landing page&amp;#27;[0m                                 &amp;#27;[90m# null&amp;#27;[0m
  &amp;#27;[33mWhen &amp;#27;[0m&amp;#27;[33mUser login in to application with username user3 and password pass3&amp;#27;[0m &amp;#27;[90m# null&amp;#27;[0m
  &amp;#27;[33mThen &amp;#27;[0m&amp;#27;[33mHome page is populated&amp;#27;[0m                                              &amp;#27;[90m# null&amp;#27;[0m
  &amp;#27;[33mAnd &amp;#27;[0m&amp;#27;[33mCards displayed are &quot;true&quot;&amp;#27;[0m                                           &amp;#27;[90m# null&amp;#27;[0m
</system-out>
  </testcase>
  <testcase classname="Application Login" name="Home page default login" time="0.013">
    <skipped/>
    <system-out>
@sprint
Scenario Outline: Home page default login                                  &amp;#27;[90m# src/test/resources/features/LoginProfile.feature:45&amp;#27;[0m
  &amp;#27;[33mGiven &amp;#27;[0m&amp;#27;[33mValidate the browser&amp;#27;[0m                                               &amp;#27;[90m# null&amp;#27;[0m
  &amp;#27;[33mWhen &amp;#27;[0m&amp;#27;[33mBrowser is triggered&amp;#27;[0m                                                &amp;#27;[90m# null&amp;#27;[0m
  &amp;#27;[33mThen &amp;#27;[0m&amp;#27;[33mcheck if browser is displayed&amp;#27;[0m                                       &amp;#27;[90m# null&amp;#27;[0m
  &amp;#27;[33mGiven &amp;#27;[0m&amp;#27;[33mUser is on NetBanking landing page&amp;#27;[0m                                 &amp;#27;[90m# null&amp;#27;[0m
  &amp;#27;[33mWhen &amp;#27;[0m&amp;#27;[33mUser login in to application with username user4 and password pass4&amp;#27;[0m &amp;#27;[90m# null&amp;#27;[0m
  &amp;#27;[33mThen &amp;#27;[0m&amp;#27;[33mHome page is populated&amp;#27;[0m                                              &amp;#27;[90m# null&amp;#27;[0m
  &amp;#27;[33mAnd &amp;#27;[0m&amp;#27;[33mCards displayed are &quot;true&quot;&amp;#27;[0m                                           &amp;#27;[90m# null&amp;#27;[0m
</system-out>
  </testcase>
  <testcase classname="Application Login" name="Home page default login" time="0.01">
    <skipped/>
    <system-out>
@SmokeTest
Scenario: Home page default login                                            &amp;#27;[90m# src/test/resources/features/LoginProfileCopy1.feature:4&amp;#27;[0m
  &amp;#27;[33mGiven &amp;#27;[0m&amp;#27;[33mUser is on NetBanking landing page&amp;#27;[0m                                   &amp;#27;[90m# null&amp;#27;[0m
  &amp;#27;[33mWhen &amp;#27;[0m&amp;#27;[33mUser login into application with username &quot;jerry&quot; and password &quot;5555&quot;&amp;#27;[0m &amp;#27;[90m# null&amp;#27;[0m
  &amp;#27;[33mThen &amp;#27;[0m&amp;#27;[33mHome page is populated&amp;#27;[0m                                                &amp;#27;[90m# null&amp;#27;[0m
  &amp;#27;[33mAnd &amp;#27;[0m&amp;#27;[33mCards displayed are &quot;true&quot;&amp;#27;[0m                                             &amp;#27;[90m# null&amp;#27;[0m
</system-out>
  </testcase>
  <testcase classname="Application Login" name="Home page default login" time="0.013">
    <skipped/>
    <system-out>
@MobileTest
Scenario: Home page default login          &amp;#27;[90m# src/test/resources/features/LoginProfileCopy1.feature:11&amp;#27;[0m
This Before Hook will be triggered before MobileTest Scenarios
  &amp;#27;[33mGiven &amp;#27;[0m&amp;#27;[33mUser is on NetBanking landing page&amp;#27;[0m &amp;#27;[90m# null&amp;#27;[0m
  &amp;#27;[33mWhen &amp;#27;[0m&amp;#27;[33mUser sign up with following details&amp;#27;[0m &amp;#27;[90m# null&amp;#27;[0m
  &amp;#27;[33mThen &amp;#27;[0m&amp;#27;[33mHome page is populated&amp;#27;[0m              &amp;#27;[90m# null&amp;#27;[0m
  &amp;#27;[33mAnd &amp;#27;[0m&amp;#27;[33mCards displayed are &quot;false&quot;&amp;#27;[0m          &amp;#27;[90m# null&amp;#27;[0m
This After Hook will be triggered after MobileTest Scenarios
</system-out>
  </testcase>
  <testcase classname="Application Login" name="Home page default login" time="0.013">
    <skipped/>
    <system-out>
@sprint3 @MobileTest
Scenario: Home page default login                                          &amp;#27;[90m# src/test/resources/features/LoginProfileCopy2ToUderstHooks.feature:5&amp;#27;[0m
This Before Hook will be triggered before MobileTest Scenarios
  &amp;#27;[33mGiven &amp;#27;[0m&amp;#27;[33mUser is on NetBanking landing page&amp;#27;[0m                                 &amp;#27;[90m# null&amp;#27;[0m
  &amp;#27;[33mWhen &amp;#27;[0m&amp;#27;[33mUser login into application with username &quot;jin&quot; and password &quot;1234&quot;&amp;#27;[0m &amp;#27;[90m# null&amp;#27;[0m
  &amp;#27;[33mThen &amp;#27;[0m&amp;#27;[33mHome page is populated&amp;#27;[0m                                              &amp;#27;[90m# null&amp;#27;[0m
  &amp;#27;[33mAnd &amp;#27;[0m&amp;#27;[33mCards displayed are &quot;true&quot;&amp;#27;[0m                                           &amp;#27;[90m# null&amp;#27;[0m
This After Hook will be triggered after MobileTest Scenarios
</system-out>
  </testcase>
  <testcase classname="Application Login" name="Home page default login" time="0.009">
    <skipped/>
    <system-out>
@sprint3 @SmokeTest @SanityTest
Scenario: Home page default login                                           &amp;#27;[90m# src/test/resources/features/LoginProfileCopy2ToUderstHooks.feature:12&amp;#27;[0m
  &amp;#27;[33mGiven &amp;#27;[0m&amp;#27;[33mUser is on NetBanking landing page&amp;#27;[0m                                  &amp;#27;[90m# null&amp;#27;[0m
  &amp;#27;[33mWhen &amp;#27;[0m&amp;#27;[33mUser login into application with username &quot;john&quot; and password &quot;4321&quot;&amp;#27;[0m &amp;#27;[90m# null&amp;#27;[0m
  &amp;#27;[33mThen &amp;#27;[0m&amp;#27;[33mHome page is populated&amp;#27;[0m                                               &amp;#27;[90m# null&amp;#27;[0m
  &amp;#27;[33mAnd &amp;#27;[0m&amp;#27;[33mCards displayed are &quot;false&quot;&amp;#27;[0m                                           &amp;#27;[90m# null&amp;#27;[0m
</system-out>
  </testcase>
  <testcase classname="Application Login" name="Home page default login" time="0.009">
    <skipped/>
    <system-out>
@sprint3 @SanityTest @sprint3
Scenario: Home page default login          &amp;#27;[90m# src/test/resources/features/LoginProfileCopy2ToUderstHooks.feature:19&amp;#27;[0m
  &amp;#27;[33mGiven &amp;#27;[0m&amp;#27;[33mUser is on NetBanking landing page&amp;#27;[0m &amp;#27;[90m# null&amp;#27;[0m
  &amp;#27;[33mWhen &amp;#27;[0m&amp;#27;[33mUser sign up with following details&amp;#27;[0m &amp;#27;[90m# null&amp;#27;[0m
  &amp;#27;[33mThen &amp;#27;[0m&amp;#27;[33mHome page is populated&amp;#27;[0m              &amp;#27;[90m# null&amp;#27;[0m
  &amp;#27;[33mAnd &amp;#27;[0m&amp;#27;[33mCards displayed are &quot;false&quot;&amp;#27;[0m          &amp;#27;[90m# null&amp;#27;[0m
</system-out>
  </testcase>
  <testcase classname="Application Login" name="Home page default login" time="0.015">
    <skipped/>
    <system-out>
@sprint3
Scenario Outline: Home page default login                                  &amp;#27;[90m# src/test/resources/features/LoginProfileCopy2ToUderstHooks.feature:36&amp;#27;[0m
  &amp;#27;[33mGiven &amp;#27;[0m&amp;#27;[33mUser is on NetBanking landing page&amp;#27;[0m                                 &amp;#27;[90m# null&amp;#27;[0m
  &amp;#27;[33mWhen &amp;#27;[0m&amp;#27;[33mUser login in to application with username user1 and password pass1&amp;#27;[0m &amp;#27;[90m# null&amp;#27;[0m
  &amp;#27;[33mThen &amp;#27;[0m&amp;#27;[33mHome page is populated&amp;#27;[0m                                              &amp;#27;[90m# null&amp;#27;[0m
  &amp;#27;[33mAnd &amp;#27;[0m&amp;#27;[33mCards displayed are &quot;true&quot;&amp;#27;[0m                                           &amp;#27;[90m# null&amp;#27;[0m
</system-out>
  </testcase>
  <testcase classname="Application Login" name="Home page default login" time="0.007">
    <skipped/>
    <system-out>
@sprint3
Scenario Outline: Home page default login                                  &amp;#27;[90m# src/test/resources/features/LoginProfileCopy2ToUderstHooks.feature:37&amp;#27;[0m
  &amp;#27;[33mGiven &amp;#27;[0m&amp;#27;[33mUser is on NetBanking landing page&amp;#27;[0m                                 &amp;#27;[90m# null&amp;#27;[0m
  &amp;#27;[33mWhen &amp;#27;[0m&amp;#27;[33mUser login in to application with username user2 and password pass2&amp;#27;[0m &amp;#27;[90m# null&amp;#27;[0m
  &amp;#27;[33mThen &amp;#27;[0m&amp;#27;[33mHome page is populated&amp;#27;[0m                                              &amp;#27;[90m# null&amp;#27;[0m
  &amp;#27;[33mAnd &amp;#27;[0m&amp;#27;[33mCards displayed are &quot;true&quot;&amp;#27;[0m                                           &amp;#27;[90m# null&amp;#27;[0m
</system-out>
  </testcase>
  <testcase classname="Application Login" name="Home page default login" time="0.013">
    <skipped/>
    <system-out>
@sprint3
Scenario Outline: Home page default login                                  &amp;#27;[90m# src/test/resources/features/LoginProfileCopy2ToUderstHooks.feature:38&amp;#27;[0m
  &amp;#27;[33mGiven &amp;#27;[0m&amp;#27;[33mUser is on NetBanking landing page&amp;#27;[0m                                 &amp;#27;[90m# null&amp;#27;[0m
  &amp;#27;[33mWhen &amp;#27;[0m&amp;#27;[33mUser login in to application with username user3 and password pass3&amp;#27;[0m &amp;#27;[90m# null&amp;#27;[0m
  &amp;#27;[33mThen &amp;#27;[0m&amp;#27;[33mHome page is populated&amp;#27;[0m                                              &amp;#27;[90m# null&amp;#27;[0m
  &amp;#27;[33mAnd &amp;#27;[0m&amp;#27;[33mCards displayed are &quot;true&quot;&amp;#27;[0m                                           &amp;#27;[90m# null&amp;#27;[0m
</system-out>
  </testcase>
  <testcase classname="Application Login" name="Home page default login" time="0.006">
    <skipped/>
    <system-out>
@sprint3
Scenario Outline: Home page default login                                  &amp;#27;[90m# src/test/resources/features/LoginProfileCopy2ToUderstHooks.feature:39&amp;#27;[0m
  &amp;#27;[33mGiven &amp;#27;[0m&amp;#27;[33mUser is on NetBanking landing page&amp;#27;[0m                                 &amp;#27;[90m# null&amp;#27;[0m
  &amp;#27;[33mWhen &amp;#27;[0m&amp;#27;[33mUser login in to application with username user4 and password pass4&amp;#27;[0m &amp;#27;[90m# null&amp;#27;[0m
  &amp;#27;[33mThen &amp;#27;[0m&amp;#27;[33mHome page is populated&amp;#27;[0m                                              &amp;#27;[90m# null&amp;#27;[0m
  &amp;#27;[33mAnd &amp;#27;[0m&amp;#27;[33mCards displayed are &quot;true&quot;&amp;#27;[0m                                           &amp;#27;[90m# null&amp;#27;[0m
</system-out>
  </testcase>
  <testcase classname="Application Login" name="Positive test validating Login" time="3.649"/>
</testsuite>